<?xml version="1.0" encoding="UTF-8"?>
<!-- Generated by org.testng.reporters.JUnitXMLReporter -->
<testsuite hostname="SSSDU-7132" ignored="0" name="Default test" tests="7" failures="0" timestamp="16 Dec 2020 14:51:41 GMT" time="9.875" errors="0">
  <testcase name="basicValidation" time="2.38" classname="APITest.Test.Getresource"/>
  <testcase name="notEmpty" time="1.0" classname="APITest.Test.Getresource"/>
  <testcase name="ping" time="1.139" classname="APITest.Test.Getresource"/>
  <testcase name="test1" time="1.779" classname="APITest.Test.Getresource"/>
  <testcase name="test2" time="1.451" classname="APITest.Test.Getresource"/>
  <testcase name="validateResourceDetails" time="1.187" classname="APITest.Test.Getresource"/>
  <testcase name="validateResponseTime" time="0.911" classname="APITest.Test.Getresource"/>
</testsuite> <!-- Default test -->
